QuestaSim-64 vopt 2019.4_2 Compiler 2019.12 Dec  7 2019
Start time: 18:02:22 on Oct 13,2021
vopt -reportprogress 300 "+acc" -l elaborate.log -L xil_defaultlib -L xpm -L microblaze_v11_0_0 -L lib_cdc_v1_0_2 -L proc_sys_reset_v5_0_13 -L lmb_v10_v3_0_9 -L lmb_bram_if_cntlr_v4_0_15 -L blk_mem_gen_v8_4_2 -L iomodule_v3_1_4 -L unisims_ver -L unimacro_ver -L secureip -work xil_defaultlib xil_defaultlib.sim_tb_top xil_defaultlib.glbl -o sim_tb_top_opt 

Top level modules:
	sim_tb_top
	glbl

Analyzing design...
-- Loading module sim_tb_top
-- Importing package arch_package
-- Loading module example_top
-- Loading module ddr4
-- Loading module ddr4_ddr4
-- Loading module ddr4_v2_2_6_infrastructure
-- Loading module unisims_ver.BUFG
-- Loading module ddr4_ddr4_mem_intfc
-- Loading module ddr4_phy
-- Loading module ddr4_phy_ddr4
-- Loading module unisims_ver.OBUF
-- Loading module ddr4_phy_v2_2_0_pll
-- Loading module ddr4_phy_v2_2_0_iob
-- Loading module ddr4_v2_2_6_mc
-- Loading module ddr4_v2_2_6_mc_act_timer
-- Loading module ddr4_v2_2_6_mc_arb_a
-- Loading module ddr4_v2_2_6_mc_rd_wr
-- Loading module ddr4_v2_2_6_mc_arb_c
-- Loading module ddr4_v2_2_6_mc_arb_mux_p
-- Loading module ddr4_v2_2_6_mc_arb_p
-- Loading module ddr4_v2_2_6_mc_cmd_mux_ap
-- Loading module ddr4_v2_2_6_mc_ctl
-- Loading module ddr4_v2_2_6_cal_mc_odt
-- Loading module ddr4_v2_2_6_mc_cmd_mux_c
-- Loading module ddr4_v2_2_6_mc_ref
-- Loading module ddr4_v2_2_6_mc_periodic
-- Loading module ddr4_v2_2_6_mc_ecc
-- Loading module ddr4_v2_2_6_ui
-- Loading module ddr4_v2_2_6_ui_cmd
-- Loading module ddr4_v2_2_6_ui_wr_data
-- Loading module ddr4_v2_2_6_ui_rd_data
-- Loading module ddr4_v2_2_6_cal_top
-- Loading module ddr4_v2_2_6_cal
-- Loading module ddr4_v2_2_6_cal_debug_microblaze
-- Loading module ddr4_v2_2_6_cal_addr_decode
-- Loading module ddr4_v2_2_6_cal_cplx
-- Loading module ddr4_v2_2_6_cal_cplx_data
-- Loading module ddr4_v2_2_6_cal_config_rom
-- Loading module ddr4_v2_2_6_chipscope_xsdb_slave
-- Loading module ddr4_v2_2_6_cal_xsdb_arbiter
-- Loading module ddr4_v2_2_6_cal_sync
-- Loading module ddr4_v2_2_6_cal_xsdb_bram
-- Loading module ddr4_v2_2_6_cfg_mem_mod
-- Loading module ddr4_v2_2_6_cal_pi
-- Loading module ddr4_v2_2_6_cal_read
-- Loading module ddr4_v2_2_6_cal_write
-- Loading module ddr4_ddr4_cal_riu
-- Loading module ddr4_microblaze_mcs
-- Loading module microblaze_mcs
-- Loading module unisims_ver.VCC
-- Loading module unisims_ver.GND
-- Loading module unisims_ver.FDR
-- Loading module unisims_ver.FDRE
-- Loading module unisims_ver.FDS
-- Loading module unisims_ver.FDSE
-- Loading module unisims_ver.FD
-- Loading module unisims_ver.RAM32X1D
-- Loading module unisims_ver.FDE
-- Loading module unisims_ver.LUT6_2
-- Loading module unisims_ver.MUXCY_L
-- Loading module unisims_ver.MUXCY
-- Loading module unisims_ver.XORCY
-- Loading module unisims_ver.MULT_AND
-- Loading module unisims_ver.LUT2
-- Loading UDP unisims_ver.x_lut2_mux4
-- Loading module unisims_ver.LUT3
-- Loading UDP unisims_ver.x_lut3_mux8
-- Loading module unisims_ver.LUT4
-- Loading module unisims_ver.LUT6
-- Loading module unisims_ver.MUXF5
-- Loading module unisims_ver.SRL16E
-- Loading module unisims_ver.LUT5
-- Loading module unisims_ver.LUT1
-- Loading UDP unisims_ver.x_lut1_mux2
-- Loading module unisims_ver.MUXF7
-- Loading module unisims_ver.INV
-- Loading module unisims_ver.RAMB36
-- Loading module unisims_ver.RAMB36E1
-- Loading module ddr4_v2_2_6_axi
-- Loading module ddr4_v2_2_6_axi_register_slice
-- Loading module ddr4_v2_2_6_axic_register_slice
-- Loading module ddr4_v2_2_6_axi_aw_channel
-- Loading module ddr4_v2_2_6_axi_cmd_translator
-- Loading module ddr4_v2_2_6_axi_incr_cmd
-- Loading module ddr4_v2_2_6_axi_wrap_cmd
-- Loading module ddr4_v2_2_6_axi_wr_cmd_fsm
-- Loading module ddr4_v2_2_6_axi_w_channel
-- Loading module ddr4_v2_2_6_axi_b_channel
-- Loading module ddr4_v2_2_6_axi_fifo
-- Loading module ddr4_v2_2_6_axi_ar_channel
-- Loading module ddr4_v2_2_6_axi_cmd_fsm
-- Loading module ddr4_v2_2_6_axi_r_channel
-- Loading module ddr4_v2_2_6_axi_cmd_arbiter
-- Loading module ddr4_v2_2_6_axi_ctrl_top
-- Loading module ddr4_v2_2_6_axi_ctrl_write
-- Loading module ddr4_v2_2_6_axi_ctrl_addr_decode
-- Loading module ddr4_v2_2_6_axi_ctrl_read
-- Loading module ddr4_v2_2_6_axi_ctrl_reg_bank
-- Loading module ddr4_v2_2_6_axi_tg_top
-- Loading module ddr4_v2_2_6_boot_mode_gen
-- Loading module ddr4_v2_2_6_prbs_mode_gen
-- Loading module ddr4_v2_2_6_custom_mode_gen
-- Loading module ddr4_v2_2_6_axi_opcode_gen
-- Loading module ddr4_v2_2_6_axi_wrapper
-- Loading module ddr4_v2_2_6_data_gen
-- Loading module ddr4_v2_2_6_data_chk
-- Loading module glbl
-- Loading module unisims_ver.MMCME4_ADV
-- Loading module unisims_ver.IBUFDS
-- Loading module unisims_ver.PLLE4_ADV
-- Loading module ddr4_phy_v2_2_0_iob_byte
-- Loading module ddr4_phy_v2_2_0_xiphy_behav
-- Loading module ddr4_v2_2_6_mc_act_rank
-- Loading module ddr4_v2_2_6_mc_wtr
-- Loading module ddr4_v2_2_6_mc_ecc_dec_fix
-- Loading module ddr4_v2_2_6_mc_ecc_buf
-- Loading module ddr4_v2_2_6_mc_ecc_merge_enc
-- Loading module ddr4_v2_2_6_mc_ecc_fi_xor
-- Loading module ddr4_v2_2_6_mc_ecc_gen
-- Loading module ddr4_v2_2_6_mc_group
-- Loading module unisims_ver.RAM32M
-- Loading module ddr4_v2_2_6_bram_tdp
-- Loading module ddr4_v2_2_6_cal_wr_byte
-- Loading module ddr4_v2_2_6_cal_wr_bit
-- Loading module ddr4_v2_2_6_cal_rd_en
-- Loading module unisims_ver.RB36_INTERNAL_VLOG
-- Loading module ddr4_v2_2_6_axi_ctrl_reg
-- Loading module prbs_data_gen
-- Loading interface DDR4_if
-- Importing package proj_package
-- Loading module unisims_ver.OBUFDS
-- Loading module unisims_ver.HPIO_VREF
-- Loading module unisims_ver.IOBUFE3
-- Loading module unisims_ver.IOBUFDS
-- Loading module ddr4_phy_v2_2_0_bitslice_behav
-- Loading module ddr4_phy_v2_2_0_fifo_sv
Incremental compilation check found 290 design-units (out of 291) may be reused.
Optimizing 1 design-unit (inlining 0/1009 module instances, 0/1682 cell instances, 151/151 UDP instances):
-- Optimizing module example_top(fast)
** Warning: /home/mdl/izo5011/IkennaWorkSpace/SYSC_FPGA/ip/ddr4_ex/imports/example_top.sv(449): (vopt-2685) [TFMPC] - Too few port connections for 'u_ddr4_v2_2_6_axi_tg_top'.  Expected 63, found 28.
** Warning: /home/mdl/izo5011/IkennaWorkSpace/SYSC_FPGA/ip/ddr4_ex/imports/example_top.sv(449): (vopt-2718) [TFMPC] - Missing connection for port 'axi_rready'.
** Warning: /home/mdl/izo5011/IkennaWorkSpace/SYSC_FPGA/ip/ddr4_ex/imports/example_top.sv(449): (vopt-2718) [TFMPC] - Missing connection for port 'axi_rlast'.
** Warning: /home/mdl/izo5011/IkennaWorkSpace/SYSC_FPGA/ip/ddr4_ex/imports/example_top.sv(449): (vopt-2718) [TFMPC] - Missing connection for port 'axi_rdata'.
** Warning: /home/mdl/izo5011/IkennaWorkSpace/SYSC_FPGA/ip/ddr4_ex/imports/example_top.sv(449): (vopt-2718) [TFMPC] - Missing connection for port 'axi_rvalid'.
** Warning: /home/mdl/izo5011/IkennaWorkSpace/SYSC_FPGA/ip/ddr4_ex/imports/example_top.sv(449): (vopt-2718) [TFMPC] - Missing connection for port 'axi_rresp'.
** Warning: /home/mdl/izo5011/IkennaWorkSpace/SYSC_FPGA/ip/ddr4_ex/imports/example_top.sv(449): (vopt-2718) [TFMPC] - Missing connection for port 'axi_rid'.
** Warning: /home/mdl/izo5011/IkennaWorkSpace/SYSC_FPGA/ip/ddr4_ex/imports/example_top.sv(449): (vopt-2718) [TFMPC] - Missing connection for port 'axi_arvalid'.
** Warning: /home/mdl/izo5011/IkennaWorkSpace/SYSC_FPGA/ip/ddr4_ex/imports/example_top.sv(449): (vopt-2718) [TFMPC] - Missing connection for port 'axi_arprot'.
** Warning: /home/mdl/izo5011/IkennaWorkSpace/SYSC_FPGA/ip/ddr4_ex/imports/example_top.sv(449): (vopt-2718) [TFMPC] - Missing connection for port 'axi_arcache'.
** Warning: /home/mdl/izo5011/IkennaWorkSpace/SYSC_FPGA/ip/ddr4_ex/imports/example_top.sv(449): (vopt-2718) [TFMPC] - Missing connection for port 'axi_arlock'.
** Warning: /home/mdl/izo5011/IkennaWorkSpace/SYSC_FPGA/ip/ddr4_ex/imports/example_top.sv(449): (vopt-2718) [TFMPC] - Missing connection for port 'axi_arburst'.
** Warning: /home/mdl/izo5011/IkennaWorkSpace/SYSC_FPGA/ip/ddr4_ex/imports/example_top.sv(449): (vopt-2718) [TFMPC] - Missing connection for port 'axi_arsize'.
** Warning: /home/mdl/izo5011/IkennaWorkSpace/SYSC_FPGA/ip/ddr4_ex/imports/example_top.sv(449): (vopt-2718) [TFMPC] - Missing connection for port 'axi_arlen'.
** Warning: /home/mdl/izo5011/IkennaWorkSpace/SYSC_FPGA/ip/ddr4_ex/imports/example_top.sv(449): (vopt-2718) [TFMPC] - Missing connection for port 'axi_araddr'.
** Warning: /home/mdl/izo5011/IkennaWorkSpace/SYSC_FPGA/ip/ddr4_ex/imports/example_top.sv(449): (vopt-2718) [TFMPC] - Missing connection for port 'axi_arid'.
** Warning: /home/mdl/izo5011/IkennaWorkSpace/SYSC_FPGA/ip/ddr4_ex/imports/example_top.sv(449): (vopt-2718) [TFMPC] - Missing connection for port 'axi_arready'.
** Warning: /home/mdl/izo5011/IkennaWorkSpace/SYSC_FPGA/ip/ddr4_ex/imports/example_top.sv(449): (vopt-2718) [TFMPC] - Missing connection for port 'axi_bready'.
** Warning: /home/mdl/izo5011/IkennaWorkSpace/SYSC_FPGA/ip/ddr4_ex/imports/example_top.sv(449): (vopt-2718) [TFMPC] - Missing connection for port 'axi_bvalid'.
** Warning: /home/mdl/izo5011/IkennaWorkSpace/SYSC_FPGA/ip/ddr4_ex/imports/example_top.sv(449): (vopt-2718) [TFMPC] - Missing connection for port 'axi_bresp'.
** Warning: /home/mdl/izo5011/IkennaWorkSpace/SYSC_FPGA/ip/ddr4_ex/imports/example_top.sv(449): (vopt-2718) [TFMPC] - Missing connection for port 'axi_bid'.
** Warning: /home/mdl/izo5011/IkennaWorkSpace/SYSC_FPGA/ip/ddr4_ex/imports/example_top.sv(449): (vopt-2718) [TFMPC] - Missing connection for port 'axi_wvalid'.
** Warning: /home/mdl/izo5011/IkennaWorkSpace/SYSC_FPGA/ip/ddr4_ex/imports/example_top.sv(449): (vopt-2718) [TFMPC] - Missing connection for port 'axi_wlast'.
** Warning: /home/mdl/izo5011/IkennaWorkSpace/SYSC_FPGA/ip/ddr4_ex/imports/example_top.sv(449): (vopt-2718) [TFMPC] - Missing connection for port 'axi_wstrb'.
** Warning: /home/mdl/izo5011/IkennaWorkSpace/SYSC_FPGA/ip/ddr4_ex/imports/example_top.sv(449): (vopt-2718) [TFMPC] - Missing connection for port 'axi_wdata'.
** Warning: /home/mdl/izo5011/IkennaWorkSpace/SYSC_FPGA/ip/ddr4_ex/imports/example_top.sv(449): (vopt-2718) [TFMPC] - Missing connection for port 'axi_wready'.
** Warning: /home/mdl/izo5011/IkennaWorkSpace/SYSC_FPGA/ip/ddr4_ex/imports/example_top.sv(449): (vopt-2718) [TFMPC] - Missing connection for port 'axi_awvalid'.
** Warning: /home/mdl/izo5011/IkennaWorkSpace/SYSC_FPGA/ip/ddr4_ex/imports/example_top.sv(449): (vopt-2718) [TFMPC] - Missing connection for port 'axi_awprot'.
** Warning: /home/mdl/izo5011/IkennaWorkSpace/SYSC_FPGA/ip/ddr4_ex/imports/example_top.sv(449): (vopt-2718) [TFMPC] - Missing connection for port 'axi_awcache'.
** Warning: /home/mdl/izo5011/IkennaWorkSpace/SYSC_FPGA/ip/ddr4_ex/imports/example_top.sv(449): (vopt-2718) [TFMPC] - Missing connection for port 'axi_awlock'.
** Warning: /home/mdl/izo5011/IkennaWorkSpace/SYSC_FPGA/ip/ddr4_ex/imports/example_top.sv(449): (vopt-2718) [TFMPC] - Missing connection for port 'axi_awburst'.
** Warning: /home/mdl/izo5011/IkennaWorkSpace/SYSC_FPGA/ip/ddr4_ex/imports/example_top.sv(449): (vopt-2718) [TFMPC] - Missing connection for port 'axi_awsize'.
** Warning: /home/mdl/izo5011/IkennaWorkSpace/SYSC_FPGA/ip/ddr4_ex/imports/example_top.sv(449): (vopt-2718) [TFMPC] - Missing connection for port 'axi_awlen'.
** Warning: /home/mdl/izo5011/IkennaWorkSpace/SYSC_FPGA/ip/ddr4_ex/imports/example_top.sv(449): (vopt-2718) [TFMPC] - Missing connection for port 'axi_awaddr'.
** Warning: /home/mdl/izo5011/IkennaWorkSpace/SYSC_FPGA/ip/ddr4_ex/imports/example_top.sv(449): (vopt-2718) [TFMPC] - Missing connection for port 'axi_awid'.
** Warning: /home/mdl/izo5011/IkennaWorkSpace/SYSC_FPGA/ip/ddr4_ex/imports/example_top.sv(449): (vopt-2718) [TFMPC] - Missing connection for port 'axi_awready'.
Optimized design name is sim_tb_top_opt
End time: 18:02:26 on Oct 13,2021, Elapsed time: 0:00:04
Errors: 0, Warnings: 36
